
2017-06-29 17:47:36 - PHP Notice:  Undefined index: gold_weight in /Users/rohit/Desktop/sandbox/sezplus/jewellery-souk/vqmod/vqcache/vq2-catalog_model_catalog_product.php on line 17
2017-06-29 17:47:36 - PHP Notice:  Undefined index: silver_weight in /Users/rohit/Desktop/sandbox/sezplus/jewellery-souk/vqmod/vqcache/vq2-catalog_model_catalog_product.php on line 18
2017-06-29 17:47:36 - PHP Notice:  Undefined index: diamond_weight in /Users/rohit/Desktop/sandbox/sezplus/jewellery-souk/vqmod/vqcache/vq2-catalog_model_catalog_product.php on line 19
2017-06-29 17:47:36 - PHP Notice:  Undefined index: tone_count in /Users/rohit/Desktop/sandbox/sezplus/jewellery-souk/vqmod/vqcache/vq2-catalog_model_catalog_product.php on line 20
2017-06-29 17:47:36 - PHP Notice:  Undefined index: parts_count in /Users/rohit/Desktop/sandbox/sezplus/jewellery-souk/vqmod/vqcache/vq2-catalog_model_catalog_product.php on line 21
2017-06-29 17:47:36 - PHP Notice:  Undefined index: created_using in /Users/rohit/Desktop/sandbox/sezplus/jewellery-souk/vqmod/vqcache/vq2-catalog_model_catalog_product.php on line 22
2017-06-29 17:47:36 - PHP Notice:  Undefined index: gold_weight in /Users/rohit/Desktop/sandbox/sezplus/jewellery-souk/vqmod/vqcache/vq2-catalog_model_catalog_product.php on line 17
2017-06-29 17:47:36 - PHP Notice:  Undefined index: silver_weight in /Users/rohit/Desktop/sandbox/sezplus/jewellery-souk/vqmod/vqcache/vq2-catalog_model_catalog_product.php on line 18
2017-06-29 17:47:36 - PHP Notice:  Undefined index: diamond_weight in /Users/rohit/Desktop/sandbox/sezplus/jewellery-souk/vqmod/vqcache/vq2-catalog_model_catalog_product.php on line 19
2017-06-29 17:47:36 - PHP Notice:  Undefined index: tone_count in /Users/rohit/Desktop/sandbox/sezplus/jewellery-souk/vqmod/vqcache/vq2-catalog_model_catalog_product.php on line 20
2017-06-29 17:47:36 - PHP Notice:  Undefined index: parts_count in /Users/rohit/Desktop/sandbox/sezplus/jewellery-souk/vqmod/vqcache/vq2-catalog_model_catalog_product.php on line 21
2017-06-29 17:47:36 - PHP Notice:  Undefined index: created_using in /Users/rohit/Desktop/sandbox/sezplus/jewellery-souk/vqmod/vqcache/vq2-catalog_model_catalog_product.php on line 22
2017-06-29 17:47:36 - PHP Notice:  Undefined index: gold_weight in /Users/rohit/Desktop/sandbox/sezplus/jewellery-souk/vqmod/vqcache/vq2-catalog_model_catalog_product.php on line 17
2017-06-29 17:47:36 - PHP Notice:  Undefined index: silver_weight in /Users/rohit/Desktop/sandbox/sezplus/jewellery-souk/vqmod/vqcache/vq2-catalog_model_catalog_product.php on line 18
2017-06-29 17:47:36 - PHP Notice:  Undefined index: diamond_weight in /Users/rohit/Desktop/sandbox/sezplus/jewellery-souk/vqmod/vqcache/vq2-catalog_model_catalog_product.php on line 19
2017-06-29 17:47:36 - PHP Notice:  Undefined index: tone_count in /Users/rohit/Desktop/sandbox/sezplus/jewellery-souk/vqmod/vqcache/vq2-catalog_model_catalog_product.php on line 20
2017-06-29 17:47:36 - PHP Notice:  Undefined index: parts_count in /Users/rohit/Desktop/sandbox/sezplus/jewellery-souk/vqmod/vqcache/vq2-catalog_model_catalog_product.php on line 21
2017-06-29 17:47:36 - PHP Notice:  Undefined index: created_using in /Users/rohit/Desktop/sandbox/sezplus/jewellery-souk/vqmod/vqcache/vq2-catalog_model_catalog_product.php on line 22
2017-06-29 17:47:36 - PHP Notice:  Undefined index: gold_weight in /Users/rohit/Desktop/sandbox/sezplus/jewellery-souk/vqmod/vqcache/vq2-catalog_model_catalog_product.php on line 17
2017-06-29 17:47:36 - PHP Notice:  Undefined index: silver_weight in /Users/rohit/Desktop/sandbox/sezplus/jewellery-souk/vqmod/vqcache/vq2-catalog_model_catalog_product.php on line 18
2017-06-29 17:47:36 - PHP Notice:  Undefined index: diamond_weight in /Users/rohit/Desktop/sandbox/sezplus/jewellery-souk/vqmod/vqcache/vq2-catalog_model_catalog_product.php on line 19
2017-06-29 17:47:36 - PHP Notice:  Undefined index: tone_count in /Users/rohit/Desktop/sandbox/sezplus/jewellery-souk/vqmod/vqcache/vq2-catalog_model_catalog_product.php on line 20
2017-06-29 17:47:36 - PHP Notice:  Undefined index: parts_count in /Users/rohit/Desktop/sandbox/sezplus/jewellery-souk/vqmod/vqcache/vq2-catalog_model_catalog_product.php on line 21
2017-06-29 17:47:36 - PHP Notice:  Undefined index: created_using in /Users/rohit/Desktop/sandbox/sezplus/jewellery-souk/vqmod/vqcache/vq2-catalog_model_catalog_product.php on line 22
2017-06-29 17:50:39 - PHP Notice:  Undefined index: gold_weight in /Users/rohit/Desktop/sandbox/sezplus/jewellery-souk/vqmod/vqcache/vq2-catalog_model_catalog_product.php on line 17
2017-06-29 17:50:39 - PHP Notice:  Undefined index: silver_weight in /Users/rohit/Desktop/sandbox/sezplus/jewellery-souk/vqmod/vqcache/vq2-catalog_model_catalog_product.php on line 18
2017-06-29 17:50:39 - PHP Notice:  Undefined index: diamond_weight in /Users/rohit/Desktop/sandbox/sezplus/jewellery-souk/vqmod/vqcache/vq2-catalog_model_catalog_product.php on line 19
2017-06-29 17:50:39 - PHP Notice:  Undefined index: tone_count in /Users/rohit/Desktop/sandbox/sezplus/jewellery-souk/vqmod/vqcache/vq2-catalog_model_catalog_product.php on line 20
2017-06-29 17:50:39 - PHP Notice:  Undefined index: parts_count in /Users/rohit/Desktop/sandbox/sezplus/jewellery-souk/vqmod/vqcache/vq2-catalog_model_catalog_product.php on line 21
2017-06-29 17:50:39 - PHP Notice:  Undefined index: created_using in /Users/rohit/Desktop/sandbox/sezplus/jewellery-souk/vqmod/vqcache/vq2-catalog_model_catalog_product.php on line 22
2017-06-29 17:50:39 - PHP Notice:  Undefined index: gold_weight in /Users/rohit/Desktop/sandbox/sezplus/jewellery-souk/vqmod/vqcache/vq2-catalog_model_catalog_product.php on line 17
2017-06-29 17:50:39 - PHP Notice:  Undefined index: silver_weight in /Users/rohit/Desktop/sandbox/sezplus/jewellery-souk/vqmod/vqcache/vq2-catalog_model_catalog_product.php on line 18
2017-06-29 17:50:39 - PHP Notice:  Undefined index: diamond_weight in /Users/rohit/Desktop/sandbox/sezplus/jewellery-souk/vqmod/vqcache/vq2-catalog_model_catalog_product.php on line 19
2017-06-29 17:50:39 - PHP Notice:  Undefined index: tone_count in /Users/rohit/Desktop/sandbox/sezplus/jewellery-souk/vqmod/vqcache/vq2-catalog_model_catalog_product.php on line 20
2017-06-29 17:50:39 - PHP Notice:  Undefined index: parts_count in /Users/rohit/Desktop/sandbox/sezplus/jewellery-souk/vqmod/vqcache/vq2-catalog_model_catalog_product.php on line 21
2017-06-29 17:50:39 - PHP Notice:  Undefined index: created_using in /Users/rohit/Desktop/sandbox/sezplus/jewellery-souk/vqmod/vqcache/vq2-catalog_model_catalog_product.php on line 22
2017-06-29 17:50:39 - PHP Notice:  Undefined index: gold_weight in /Users/rohit/Desktop/sandbox/sezplus/jewellery-souk/vqmod/vqcache/vq2-catalog_model_catalog_product.php on line 17
2017-06-29 17:50:39 - PHP Notice:  Undefined index: silver_weight in /Users/rohit/Desktop/sandbox/sezplus/jewellery-souk/vqmod/vqcache/vq2-catalog_model_catalog_product.php on line 18
2017-06-29 17:50:39 - PHP Notice:  Undefined index: diamond_weight in /Users/rohit/Desktop/sandbox/sezplus/jewellery-souk/vqmod/vqcache/vq2-catalog_model_catalog_product.php on line 19
2017-06-29 17:50:39 - PHP Notice:  Undefined index: tone_count in /Users/rohit/Desktop/sandbox/sezplus/jewellery-souk/vqmod/vqcache/vq2-catalog_model_catalog_product.php on line 20
2017-06-29 17:50:39 - PHP Notice:  Undefined index: parts_count in /Users/rohit/Desktop/sandbox/sezplus/jewellery-souk/vqmod/vqcache/vq2-catalog_model_catalog_product.php on line 21
2017-06-29 17:50:39 - PHP Notice:  Undefined index: created_using in /Users/rohit/Desktop/sandbox/sezplus/jewellery-souk/vqmod/vqcache/vq2-catalog_model_catalog_product.php on line 22
2017-06-29 17:50:39 - PHP Notice:  Undefined index: gold_weight in /Users/rohit/Desktop/sandbox/sezplus/jewellery-souk/vqmod/vqcache/vq2-catalog_model_catalog_product.php on line 17
2017-06-29 17:50:39 - PHP Notice:  Undefined index: silver_weight in /Users/rohit/Desktop/sandbox/sezplus/jewellery-souk/vqmod/vqcache/vq2-catalog_model_catalog_product.php on line 18
2017-06-29 17:50:39 - PHP Notice:  Undefined index: diamond_weight in /Users/rohit/Desktop/sandbox/sezplus/jewellery-souk/vqmod/vqcache/vq2-catalog_model_catalog_product.php on line 19
2017-06-29 17:50:39 - PHP Notice:  Undefined index: tone_count in /Users/rohit/Desktop/sandbox/sezplus/jewellery-souk/vqmod/vqcache/vq2-catalog_model_catalog_product.php on line 20
2017-06-29 17:50:39 - PHP Notice:  Undefined index: parts_count in /Users/rohit/Desktop/sandbox/sezplus/jewellery-souk/vqmod/vqcache/vq2-catalog_model_catalog_product.php on line 21
2017-06-29 17:50:39 - PHP Notice:  Undefined index: created_using in /Users/rohit/Desktop/sandbox/sezplus/jewellery-souk/vqmod/vqcache/vq2-catalog_model_catalog_product.php on line 22
2017-06-29 17:51:09 - PHP Notice:  Undefined index: gold_weight in /Users/rohit/Desktop/sandbox/sezplus/jewellery-souk/vqmod/vqcache/vq2-catalog_model_catalog_product.php on line 17
2017-06-29 17:51:09 - PHP Notice:  Undefined index: silver_weight in /Users/rohit/Desktop/sandbox/sezplus/jewellery-souk/vqmod/vqcache/vq2-catalog_model_catalog_product.php on line 18
2017-06-29 17:51:09 - PHP Notice:  Undefined index: diamond_weight in /Users/rohit/Desktop/sandbox/sezplus/jewellery-souk/vqmod/vqcache/vq2-catalog_model_catalog_product.php on line 19
2017-06-29 17:51:09 - PHP Notice:  Undefined index: tone_count in /Users/rohit/Desktop/sandbox/sezplus/jewellery-souk/vqmod/vqcache/vq2-catalog_model_catalog_product.php on line 20
2017-06-29 17:51:09 - PHP Notice:  Undefined index: parts_count in /Users/rohit/Desktop/sandbox/sezplus/jewellery-souk/vqmod/vqcache/vq2-catalog_model_catalog_product.php on line 21
2017-06-29 17:51:09 - PHP Notice:  Undefined index: created_using in /Users/rohit/Desktop/sandbox/sezplus/jewellery-souk/vqmod/vqcache/vq2-catalog_model_catalog_product.php on line 22
2017-06-29 17:51:09 - PHP Notice:  Undefined index: gold_weight in /Users/rohit/Desktop/sandbox/sezplus/jewellery-souk/vqmod/vqcache/vq2-catalog_model_catalog_product.php on line 17
2017-06-29 17:51:09 - PHP Notice:  Undefined index: silver_weight in /Users/rohit/Desktop/sandbox/sezplus/jewellery-souk/vqmod/vqcache/vq2-catalog_model_catalog_product.php on line 18
2017-06-29 17:51:09 - PHP Notice:  Undefined index: diamond_weight in /Users/rohit/Desktop/sandbox/sezplus/jewellery-souk/vqmod/vqcache/vq2-catalog_model_catalog_product.php on line 19
2017-06-29 17:51:09 - PHP Notice:  Undefined index: tone_count in /Users/rohit/Desktop/sandbox/sezplus/jewellery-souk/vqmod/vqcache/vq2-catalog_model_catalog_product.php on line 20
2017-06-29 17:51:09 - PHP Notice:  Undefined index: parts_count in /Users/rohit/Desktop/sandbox/sezplus/jewellery-souk/vqmod/vqcache/vq2-catalog_model_catalog_product.php on line 21
2017-06-29 17:51:09 - PHP Notice:  Undefined index: created_using in /Users/rohit/Desktop/sandbox/sezplus/jewellery-souk/vqmod/vqcache/vq2-catalog_model_catalog_product.php on line 22
2017-06-29 17:51:09 - PHP Notice:  Undefined index: gold_weight in /Users/rohit/Desktop/sandbox/sezplus/jewellery-souk/vqmod/vqcache/vq2-catalog_model_catalog_product.php on line 17
2017-06-29 17:51:09 - PHP Notice:  Undefined index: silver_weight in /Users/rohit/Desktop/sandbox/sezplus/jewellery-souk/vqmod/vqcache/vq2-catalog_model_catalog_product.php on line 18
2017-06-29 17:51:09 - PHP Notice:  Undefined index: diamond_weight in /Users/rohit/Desktop/sandbox/sezplus/jewellery-souk/vqmod/vqcache/vq2-catalog_model_catalog_product.php on line 19
2017-06-29 17:51:09 - PHP Notice:  Undefined index: tone_count in /Users/rohit/Desktop/sandbox/sezplus/jewellery-souk/vqmod/vqcache/vq2-catalog_model_catalog_product.php on line 20
2017-06-29 17:51:09 - PHP Notice:  Undefined index: parts_count in /Users/rohit/Desktop/sandbox/sezplus/jewellery-souk/vqmod/vqcache/vq2-catalog_model_catalog_product.php on line 21
2017-06-29 17:51:09 - PHP Notice:  Undefined index: created_using in /Users/rohit/Desktop/sandbox/sezplus/jewellery-souk/vqmod/vqcache/vq2-catalog_model_catalog_product.php on line 22
2017-06-29 17:51:09 - PHP Notice:  Undefined index: gold_weight in /Users/rohit/Desktop/sandbox/sezplus/jewellery-souk/vqmod/vqcache/vq2-catalog_model_catalog_product.php on line 17
2017-06-29 17:51:09 - PHP Notice:  Undefined index: silver_weight in /Users/rohit/Desktop/sandbox/sezplus/jewellery-souk/vqmod/vqcache/vq2-catalog_model_catalog_product.php on line 18
2017-06-29 17:51:09 - PHP Notice:  Undefined index: diamond_weight in /Users/rohit/Desktop/sandbox/sezplus/jewellery-souk/vqmod/vqcache/vq2-catalog_model_catalog_product.php on line 19
2017-06-29 17:51:09 - PHP Notice:  Undefined index: tone_count in /Users/rohit/Desktop/sandbox/sezplus/jewellery-souk/vqmod/vqcache/vq2-catalog_model_catalog_product.php on line 20
2017-06-29 17:51:09 - PHP Notice:  Undefined index: parts_count in /Users/rohit/Desktop/sandbox/sezplus/jewellery-souk/vqmod/vqcache/vq2-catalog_model_catalog_product.php on line 21
2017-06-29 17:51:09 - PHP Notice:  Undefined index: created_using in /Users/rohit/Desktop/sandbox/sezplus/jewellery-souk/vqmod/vqcache/vq2-catalog_model_catalog_product.php on line 22
2017-06-29 17:52:11 - PHP Notice:  Undefined index: gold_weight in /Users/rohit/Desktop/sandbox/sezplus/jewellery-souk/vqmod/vqcache/vq2-catalog_model_catalog_product.php on line 17
2017-06-29 17:52:11 - PHP Notice:  Undefined index: silver_weight in /Users/rohit/Desktop/sandbox/sezplus/jewellery-souk/vqmod/vqcache/vq2-catalog_model_catalog_product.php on line 18
2017-06-29 17:52:11 - PHP Notice:  Undefined index: diamond_weight in /Users/rohit/Desktop/sandbox/sezplus/jewellery-souk/vqmod/vqcache/vq2-catalog_model_catalog_product.php on line 19
2017-06-29 17:52:11 - PHP Notice:  Undefined index: tone_count in /Users/rohit/Desktop/sandbox/sezplus/jewellery-souk/vqmod/vqcache/vq2-catalog_model_catalog_product.php on line 20
2017-06-29 17:52:11 - PHP Notice:  Undefined index: parts_count in /Users/rohit/Desktop/sandbox/sezplus/jewellery-souk/vqmod/vqcache/vq2-catalog_model_catalog_product.php on line 21
2017-06-29 17:52:11 - PHP Notice:  Undefined index: created_using in /Users/rohit/Desktop/sandbox/sezplus/jewellery-souk/vqmod/vqcache/vq2-catalog_model_catalog_product.php on line 22
2017-06-29 17:52:11 - PHP Notice:  Undefined index: gold_weight in /Users/rohit/Desktop/sandbox/sezplus/jewellery-souk/vqmod/vqcache/vq2-catalog_model_catalog_product.php on line 17
2017-06-29 17:52:11 - PHP Notice:  Undefined index: silver_weight in /Users/rohit/Desktop/sandbox/sezplus/jewellery-souk/vqmod/vqcache/vq2-catalog_model_catalog_product.php on line 18
2017-06-29 17:52:11 - PHP Notice:  Undefined index: diamond_weight in /Users/rohit/Desktop/sandbox/sezplus/jewellery-souk/vqmod/vqcache/vq2-catalog_model_catalog_product.php on line 19
2017-06-29 17:52:11 - PHP Notice:  Undefined index: tone_count in /Users/rohit/Desktop/sandbox/sezplus/jewellery-souk/vqmod/vqcache/vq2-catalog_model_catalog_product.php on line 20
2017-06-29 17:52:11 - PHP Notice:  Undefined index: parts_count in /Users/rohit/Desktop/sandbox/sezplus/jewellery-souk/vqmod/vqcache/vq2-catalog_model_catalog_product.php on line 21
2017-06-29 17:52:11 - PHP Notice:  Undefined index: created_using in /Users/rohit/Desktop/sandbox/sezplus/jewellery-souk/vqmod/vqcache/vq2-catalog_model_catalog_product.php on line 22
2017-06-29 17:52:11 - PHP Notice:  Undefined index: gold_weight in /Users/rohit/Desktop/sandbox/sezplus/jewellery-souk/vqmod/vqcache/vq2-catalog_model_catalog_product.php on line 17
2017-06-29 17:52:11 - PHP Notice:  Undefined index: silver_weight in /Users/rohit/Desktop/sandbox/sezplus/jewellery-souk/vqmod/vqcache/vq2-catalog_model_catalog_product.php on line 18
2017-06-29 17:52:11 - PHP Notice:  Undefined index: diamond_weight in /Users/rohit/Desktop/sandbox/sezplus/jewellery-souk/vqmod/vqcache/vq2-catalog_model_catalog_product.php on line 19
2017-06-29 17:52:11 - PHP Notice:  Undefined index: tone_count in /Users/rohit/Desktop/sandbox/sezplus/jewellery-souk/vqmod/vqcache/vq2-catalog_model_catalog_product.php on line 20
2017-06-29 17:52:11 - PHP Notice:  Undefined index: parts_count in /Users/rohit/Desktop/sandbox/sezplus/jewellery-souk/vqmod/vqcache/vq2-catalog_model_catalog_product.php on line 21
2017-06-29 17:52:11 - PHP Notice:  Undefined index: created_using in /Users/rohit/Desktop/sandbox/sezplus/jewellery-souk/vqmod/vqcache/vq2-catalog_model_catalog_product.php on line 22
2017-06-29 17:52:11 - PHP Notice:  Undefined index: gold_weight in /Users/rohit/Desktop/sandbox/sezplus/jewellery-souk/vqmod/vqcache/vq2-catalog_model_catalog_product.php on line 17
2017-06-29 17:52:11 - PHP Notice:  Undefined index: silver_weight in /Users/rohit/Desktop/sandbox/sezplus/jewellery-souk/vqmod/vqcache/vq2-catalog_model_catalog_product.php on line 18
2017-06-29 17:52:11 - PHP Notice:  Undefined index: diamond_weight in /Users/rohit/Desktop/sandbox/sezplus/jewellery-souk/vqmod/vqcache/vq2-catalog_model_catalog_product.php on line 19
2017-06-29 17:52:11 - PHP Notice:  Undefined index: tone_count in /Users/rohit/Desktop/sandbox/sezplus/jewellery-souk/vqmod/vqcache/vq2-catalog_model_catalog_product.php on line 20
2017-06-29 17:52:11 - PHP Notice:  Undefined index: parts_count in /Users/rohit/Desktop/sandbox/sezplus/jewellery-souk/vqmod/vqcache/vq2-catalog_model_catalog_product.php on line 21
2017-06-29 17:52:11 - PHP Notice:  Undefined index: created_using in /Users/rohit/Desktop/sandbox/sezplus/jewellery-souk/vqmod/vqcache/vq2-catalog_model_catalog_product.php on line 22
2017-06-29 17:52:17 - PHP Notice:  Undefined index: gold_weight in /Users/rohit/Desktop/sandbox/sezplus/jewellery-souk/vqmod/vqcache/vq2-catalog_model_catalog_product.php on line 17
2017-06-29 17:52:17 - PHP Notice:  Undefined index: silver_weight in /Users/rohit/Desktop/sandbox/sezplus/jewellery-souk/vqmod/vqcache/vq2-catalog_model_catalog_product.php on line 18
2017-06-29 17:52:17 - PHP Notice:  Undefined index: diamond_weight in /Users/rohit/Desktop/sandbox/sezplus/jewellery-souk/vqmod/vqcache/vq2-catalog_model_catalog_product.php on line 19
2017-06-29 17:52:17 - PHP Notice:  Undefined index: tone_count in /Users/rohit/Desktop/sandbox/sezplus/jewellery-souk/vqmod/vqcache/vq2-catalog_model_catalog_product.php on line 20
2017-06-29 17:52:17 - PHP Notice:  Undefined index: parts_count in /Users/rohit/Desktop/sandbox/sezplus/jewellery-souk/vqmod/vqcache/vq2-catalog_model_catalog_product.php on line 21
2017-06-29 17:52:17 - PHP Notice:  Undefined index: created_using in /Users/rohit/Desktop/sandbox/sezplus/jewellery-souk/vqmod/vqcache/vq2-catalog_model_catalog_product.php on line 22
2017-06-29 17:52:17 - PHP Notice:  Undefined index: gold_weight in /Users/rohit/Desktop/sandbox/sezplus/jewellery-souk/vqmod/vqcache/vq2-catalog_model_catalog_product.php on line 17
2017-06-29 17:52:17 - PHP Notice:  Undefined index: silver_weight in /Users/rohit/Desktop/sandbox/sezplus/jewellery-souk/vqmod/vqcache/vq2-catalog_model_catalog_product.php on line 18
2017-06-29 17:52:17 - PHP Notice:  Undefined index: diamond_weight in /Users/rohit/Desktop/sandbox/sezplus/jewellery-souk/vqmod/vqcache/vq2-catalog_model_catalog_product.php on line 19
2017-06-29 17:52:17 - PHP Notice:  Undefined index: tone_count in /Users/rohit/Desktop/sandbox/sezplus/jewellery-souk/vqmod/vqcache/vq2-catalog_model_catalog_product.php on line 20
2017-06-29 17:52:17 - PHP Notice:  Undefined index: parts_count in /Users/rohit/Desktop/sandbox/sezplus/jewellery-souk/vqmod/vqcache/vq2-catalog_model_catalog_product.php on line 21
2017-06-29 17:52:17 - PHP Notice:  Undefined index: created_using in /Users/rohit/Desktop/sandbox/sezplus/jewellery-souk/vqmod/vqcache/vq2-catalog_model_catalog_product.php on line 22
2017-06-29 17:52:17 - PHP Notice:  Undefined index: gold_weight in /Users/rohit/Desktop/sandbox/sezplus/jewellery-souk/vqmod/vqcache/vq2-catalog_model_catalog_product.php on line 17
2017-06-29 17:52:17 - PHP Notice:  Undefined index: silver_weight in /Users/rohit/Desktop/sandbox/sezplus/jewellery-souk/vqmod/vqcache/vq2-catalog_model_catalog_product.php on line 18
2017-06-29 17:52:17 - PHP Notice:  Undefined index: diamond_weight in /Users/rohit/Desktop/sandbox/sezplus/jewellery-souk/vqmod/vqcache/vq2-catalog_model_catalog_product.php on line 19
2017-06-29 17:52:17 - PHP Notice:  Undefined index: tone_count in /Users/rohit/Desktop/sandbox/sezplus/jewellery-souk/vqmod/vqcache/vq2-catalog_model_catalog_product.php on line 20
2017-06-29 17:52:17 - PHP Notice:  Undefined index: parts_count in /Users/rohit/Desktop/sandbox/sezplus/jewellery-souk/vqmod/vqcache/vq2-catalog_model_catalog_product.php on line 21
2017-06-29 17:52:17 - PHP Notice:  Undefined index: created_using in /Users/rohit/Desktop/sandbox/sezplus/jewellery-souk/vqmod/vqcache/vq2-catalog_model_catalog_product.php on line 22
2017-06-29 17:52:17 - PHP Notice:  Undefined index: gold_weight in /Users/rohit/Desktop/sandbox/sezplus/jewellery-souk/vqmod/vqcache/vq2-catalog_model_catalog_product.php on line 17
2017-06-29 17:52:17 - PHP Notice:  Undefined index: silver_weight in /Users/rohit/Desktop/sandbox/sezplus/jewellery-souk/vqmod/vqcache/vq2-catalog_model_catalog_product.php on line 18
2017-06-29 17:52:17 - PHP Notice:  Undefined index: diamond_weight in /Users/rohit/Desktop/sandbox/sezplus/jewellery-souk/vqmod/vqcache/vq2-catalog_model_catalog_product.php on line 19
2017-06-29 17:52:17 - PHP Notice:  Undefined index: tone_count in /Users/rohit/Desktop/sandbox/sezplus/jewellery-souk/vqmod/vqcache/vq2-catalog_model_catalog_product.php on line 20
2017-06-29 17:52:17 - PHP Notice:  Undefined index: parts_count in /Users/rohit/Desktop/sandbox/sezplus/jewellery-souk/vqmod/vqcache/vq2-catalog_model_catalog_product.php on line 21
2017-06-29 17:52:17 - PHP Notice:  Undefined index: created_using in /Users/rohit/Desktop/sandbox/sezplus/jewellery-souk/vqmod/vqcache/vq2-catalog_model_catalog_product.php on line 22
2017-06-29 18:31:46 - PHP Notice:  Undefined index: type_layout in /Users/rohit/Desktop/sandbox/sezplus/jewellery-souk/admin/view/template/extension/module/so_html_content.tpl on line 95
2017-06-29 18:33:57 - PHP Notice:  Undefined index: type_layout in /Users/rohit/Desktop/sandbox/sezplus/jewellery-souk/admin/view/template/extension/module/so_html_content.tpl on line 95
2017-06-29 18:35:13 - PHP Notice:  Undefined index: type_layout in /Users/rohit/Desktop/sandbox/sezplus/jewellery-souk/admin/view/template/extension/module/so_html_content.tpl on line 95
2017-06-29 18:38:39 - PHP Notice:  Undefined index: type_layout in /Users/rohit/Desktop/sandbox/sezplus/jewellery-souk/admin/view/template/extension/module/so_html_content.tpl on line 95
2017-06-29 18:40:28 - PHP Notice:  Undefined index: type_layout in /Users/rohit/Desktop/sandbox/sezplus/jewellery-souk/admin/view/template/extension/module/so_html_content.tpl on line 95
2017-06-29 18:40:57 - PHP Notice:  Undefined index: type_layout in /Users/rohit/Desktop/sandbox/sezplus/jewellery-souk/admin/view/template/extension/module/so_html_content.tpl on line 95
2017-06-30 4:53:37 - PHP Notice:  Undefined offset: 0 in /Users/rohit/Desktop/sandbox/sezplus/jewellery-souk/admin/model/soconfig/setting.php on line 80
2017-06-30 4:53:37 - PHP Warning:  array_merge(): Argument #2 is not an array in /Users/rohit/Desktop/sandbox/sezplus/jewellery-souk/admin/controller/extension/module/soconfig_mobile.php on line 164
2017-06-30 4:53:37 - PHP Warning:  uasort() expects parameter 1 to be array, null given in /Users/rohit/Desktop/sandbox/sezplus/jewellery-souk/admin/controller/extension/module/soconfig_mobile.php on line 291
2017-06-30 5:04:28 - PHP Notice:  Undefined index: type_layout in /Users/rohit/Desktop/sandbox/sezplus/jewellery-souk/admin/view/template/extension/module/so_html_content.tpl on line 95
2017-06-30 5:05:32 - PHP Notice:  Undefined index: type_layout in /Users/rohit/Desktop/sandbox/sezplus/jewellery-souk/admin/view/template/extension/module/so_html_content.tpl on line 95
2017-06-30 6:57:21 - PHP Notice:  Undefined index: type_layout in /Users/rohit/Desktop/sandbox/sezplus/jewellery-souk/admin/view/template/extension/module/so_extra_slider.tpl on line 181
2017-06-30 6:57:21 - PHP Notice:  Undefined index: type_layout in /Users/rohit/Desktop/sandbox/sezplus/jewellery-souk/admin/view/template/extension/module/so_extra_slider.tpl on line 181
2017-06-30 6:57:21 - PHP Notice:  Undefined index: type_layout in /Users/rohit/Desktop/sandbox/sezplus/jewellery-souk/admin/view/template/extension/module/so_extra_slider.tpl on line 181
2017-06-30 6:57:21 - PHP Notice:  Undefined index: type_layout in /Users/rohit/Desktop/sandbox/sezplus/jewellery-souk/admin/view/template/extension/module/so_extra_slider.tpl on line 181
2017-06-30 6:57:34 - PHP Notice:  Undefined index: type_layout in /Users/rohit/Desktop/sandbox/sezplus/jewellery-souk/admin/view/template/extension/module/so_html_content.tpl on line 95
