2017-06-29 17:57:05 - MOD: Modification Default

FILE: system/engine/action.php
REGEX: ~(require|include)(_once)?\(([^)]+)~
LINE: 41

FILE: system/engine/loader.php
REGEX: ~(require|include)(_once)?\(([^)]+)~
LINE: 49
LINE: 108
LINE: 120
LINE: 165

FILE: system/library/config.php
REGEX: ~(require|include)(_once)?\(([^)]+)~
LINE: 23

FILE: system/library/language.php
REGEX: ~(require|include)(_once)?\(([^)]+)~
LINE: 38
LINE: 40
LINE: 49
LINE: 51
LINE: 60
LINE: 62

FILE: system/library/template/php.php
REGEX: ~(require|include)(_once)?\(([^)]+)~
LINE: 18

FILE: system/library/template/tiwg.php
REGEX: ~(require|include)(_once)?\(([^)]+)~
LINE: 24
----------------------------------------------------------------
MOD: soconfig theme

FILE: admin/controller/common/column_left.php
CODE: $this->url->link('catalog/product'
LINE: 56
CODE: $design = array();
LINE: 359
----------------------------------------------------------------
MOD: Simple Blog
CODE: if ($report) {
LINE: 1058

FILE: admin/language/en-gb/common/column_left.php
CODE: $_['text_other_status']
LINE: 113

FILE: catalog/controller/startup/seo_url.php
CODE: if ($query->row['query'] && $url[0] != 'information_id' && $url[0] != 'manufacturer_id' && $url[0] != 'category_id' && $url[0] != 'product_id') {
LINE: 43
CODE: if ($url[0] == 'category_id') {
LINE: 48
CODE: $this->request->get['route'] = 'error/not_found'
LINE: 70
CODE: $this->request->get['route'] = 'information/information';
LINE: 95
CODE: } elseif ($key == 'path') {
LINE: 139

FILE: catalog/controller/common/header.php
CODE: $categories = $this->model_catalog_category->getCategories(0);
LINE: 160
----------------------------------------------------------------
MOD: soconfig theme

FILE: catalog/controller/common/language.php
CODE: $data['languages'] = array();
LINE: 19

FILE: catalog/controller/common/cart.php
CODE: $this->load->language('common/cart');
LINE: 13
CODE: $this->load->language('common/cart');
LINE: 18
CODE: $this->load->language('common/header');
LINE: 58
CODE: $this->load->language('common/header');
LINE: 68
CODE: $data['title'] = $this->document->getTitle();
LINE: 34
CODE: $category['top']
LINE: 220
LINE: 336

FILE: catalog/controller/common/footer.php
CODE: $this->load->language('common/footer');
LINE: 18
CODE: return $this->load->view('common/footer', $data);
LINE: 130

FILE: catalog/controller/product/category.php
CODE: $data['heading_title'] = $category_info['name']
LINE: 159
CODE: $data['breadcrumbs'] = array();
LINE: 50
CODE: $data['products'][] = array(
LINE: 316
CODE: 'special'     => $special,
LINE: 334
CODE: $data['categories'] = array();
LINE: 225
CODE: $data['categories'][]
LINE: 242
CODE: $data['categories'][]
LINE: 245

FILE: catalog/controller/product/product.php
CODE: if ($product_info) {
LINE: 237
CODE: $data['rating'] = (int)$product_info['rating'];
LINE: 484
CODE: if ((float)$result['special'])
LINE: 521
CODE: 'special'     => $special,
LINE: 549
CODE: $this->document->addScript('catalog/view/javascript/jquery/magnific/jquery.magnific-popup.min.js');
LINE: 297
CODE: $this->document->addStyle('catalog/view/javascript/jquery/magnific/magnific-popup.css');
LINE: 301
CODE: $data['thumb'] = ''
LINE: 372
CODE: $data['popup'] = ''
LINE: 366

FILE: catalog/controller/product/search.php
CODE: $data['products'][] = array(
LINE: 294
CODE: $data['products'][] = array(
LINE: 301
CODE: 'special'     => $special,
LINE: 312

FILE: catalog/controller/product/special.php
CODE: $data['products'][] = array(
LINE: 179
CODE: $data['products'][] = array(
LINE: 186
CODE: 'special'     => $special,
LINE: 197

FILE: catalog/controller/product/manufacturer.php
CODE: $data['products'][] = array(
LINE: 257
CODE: $data['products'][] = array(
LINE: 264
CODE: 'special'     => $special,
LINE: 275

FILE: catalog/controller/extension/module/so_filter_shop_by.php
CODE: $footer 			= '';
LINE: 446
CODE: $data['products'] 	= array();
LINE: 291
CODE: $data['products'][] = array(
LINE: 377
CODE: $data['products'][] = array(
LINE: 384

FILE: catalog/controller/extension/module/featured.php
CODE: $data['products'][] = array(
LINE: 108
CODE: $data['products'][] = array(
LINE: 115
CODE: 'special'     => $special,
LINE: 126

FILE: catalog/controller/error/not_found.php
CODE: $data['heading_title']
LINE: 38

FILE: catalog/controller/extension/module/latest.php
CODE: $data['products'][] = array(
LINE: 108
CODE: $data['products'][] = array(
LINE: 115
CODE: 'special'     => $special,
LINE: 126

FILE: catalog/controller/extension/module/special.php
CODE: $data['products'][] = array(
LINE: 108
CODE: $data['products'][] = array(
LINE: 115
CODE: 'special'     => $special,
LINE: 126

FILE: catalog/controller/extension/module/bestseller.php
CODE: $data['products'][] = array(
LINE: 101
CODE: $data['products'][] = array(
LINE: 108
CODE: 'special'     => $special,
LINE: 119

FILE: system/engine/front.php
CODE: while ($action instanceof Action) {
LINE: 30

FILE: admin/controller/design/layout.php
CODE: design/layout_form
LINE: 433

FILE: admin/view/template/setting/store_list.tpl
CODE: $store['name']
LINE: 51
----------------------------------------------------------------
2017-06-29 17:57:07 - MOD: Modification Default

FILE: system/engine/action.php
REGEX: ~(require|include)(_once)?\(([^)]+)~
LINE: 41

FILE: system/engine/loader.php
REGEX: ~(require|include)(_once)?\(([^)]+)~
LINE: 49
LINE: 108
LINE: 120
LINE: 165

FILE: system/library/config.php
REGEX: ~(require|include)(_once)?\(([^)]+)~
LINE: 23

FILE: system/library/language.php
REGEX: ~(require|include)(_once)?\(([^)]+)~
LINE: 38
LINE: 40
LINE: 49
LINE: 51
LINE: 60
LINE: 62

FILE: system/library/template/php.php
REGEX: ~(require|include)(_once)?\(([^)]+)~
LINE: 18

FILE: system/library/template/tiwg.php
REGEX: ~(require|include)(_once)?\(([^)]+)~
LINE: 24
----------------------------------------------------------------
MOD: soconfig theme

FILE: admin/controller/common/column_left.php
CODE: $this->url->link('catalog/product'
LINE: 56
CODE: $design = array();
LINE: 359
----------------------------------------------------------------
MOD: Simple Blog
CODE: if ($report) {
LINE: 1058

FILE: admin/language/en-gb/common/column_left.php
CODE: $_['text_other_status']
LINE: 113

FILE: catalog/controller/startup/seo_url.php
CODE: if ($query->row['query'] && $url[0] != 'information_id' && $url[0] != 'manufacturer_id' && $url[0] != 'category_id' && $url[0] != 'product_id') {
LINE: 43
CODE: if ($url[0] == 'category_id') {
LINE: 48
CODE: $this->request->get['route'] = 'error/not_found'
LINE: 70
CODE: $this->request->get['route'] = 'information/information';
LINE: 95
CODE: } elseif ($key == 'path') {
LINE: 139

FILE: catalog/controller/common/header.php
CODE: $categories = $this->model_catalog_category->getCategories(0);
LINE: 160
----------------------------------------------------------------
MOD: soconfig theme

FILE: catalog/controller/common/language.php
CODE: $data['languages'] = array();
LINE: 19

FILE: catalog/controller/common/cart.php
CODE: $this->load->language('common/cart');
LINE: 13
CODE: $this->load->language('common/cart');
LINE: 18
CODE: $this->load->language('common/header');
LINE: 58
CODE: $this->load->language('common/header');
LINE: 68
CODE: $data['title'] = $this->document->getTitle();
LINE: 34
CODE: $category['top']
LINE: 220
LINE: 336

FILE: catalog/controller/common/footer.php
CODE: $this->load->language('common/footer');
LINE: 18
CODE: return $this->load->view('common/footer', $data);
LINE: 130

FILE: catalog/controller/product/category.php
CODE: $data['heading_title'] = $category_info['name']
LINE: 159
CODE: $data['breadcrumbs'] = array();
LINE: 50
CODE: $data['products'][] = array(
LINE: 316
CODE: 'special'     => $special,
LINE: 334
CODE: $data['categories'] = array();
LINE: 225
CODE: $data['categories'][]
LINE: 242
CODE: $data['categories'][]
LINE: 245

FILE: catalog/controller/product/product.php
CODE: if ($product_info) {
LINE: 237
CODE: $data['rating'] = (int)$product_info['rating'];
LINE: 484
CODE: if ((float)$result['special'])
LINE: 521
CODE: 'special'     => $special,
LINE: 549
CODE: $this->document->addScript('catalog/view/javascript/jquery/magnific/jquery.magnific-popup.min.js');
LINE: 297
CODE: $this->document->addStyle('catalog/view/javascript/jquery/magnific/magnific-popup.css');
LINE: 301
CODE: $data['thumb'] = ''
LINE: 372
CODE: $data['popup'] = ''
LINE: 366

FILE: catalog/controller/product/search.php
CODE: $data['products'][] = array(
LINE: 294
CODE: $data['products'][] = array(
LINE: 301
CODE: 'special'     => $special,
LINE: 312

FILE: catalog/controller/product/special.php
CODE: $data['products'][] = array(
LINE: 179
CODE: $data['products'][] = array(
LINE: 186
CODE: 'special'     => $special,
LINE: 197

FILE: catalog/controller/product/manufacturer.php
CODE: $data['products'][] = array(
LINE: 257
CODE: $data['products'][] = array(
LINE: 264
CODE: 'special'     => $special,
LINE: 275

FILE: catalog/controller/extension/module/so_filter_shop_by.php
CODE: $footer 			= '';
LINE: 446
CODE: $data['products'] 	= array();
LINE: 291
CODE: $data['products'][] = array(
LINE: 377
CODE: $data['products'][] = array(
LINE: 384

FILE: catalog/controller/extension/module/featured.php
CODE: $data['products'][] = array(
LINE: 108
CODE: $data['products'][] = array(
LINE: 115
CODE: 'special'     => $special,
LINE: 126

FILE: catalog/controller/error/not_found.php
CODE: $data['heading_title']
LINE: 38

FILE: catalog/controller/extension/module/latest.php
CODE: $data['products'][] = array(
LINE: 108
CODE: $data['products'][] = array(
LINE: 115
CODE: 'special'     => $special,
LINE: 126

FILE: catalog/controller/extension/module/special.php
CODE: $data['products'][] = array(
LINE: 108
CODE: $data['products'][] = array(
LINE: 115
CODE: 'special'     => $special,
LINE: 126

FILE: catalog/controller/extension/module/bestseller.php
CODE: $data['products'][] = array(
LINE: 101
CODE: $data['products'][] = array(
LINE: 108
CODE: 'special'     => $special,
LINE: 119

FILE: system/engine/front.php
CODE: while ($action instanceof Action) {
LINE: 30

FILE: admin/controller/design/layout.php
CODE: design/layout_form
LINE: 433

FILE: admin/view/template/setting/store_list.tpl
CODE: $store['name']
LINE: 51
----------------------------------------------------------------
